<?xml version="1.0" encoding="UTF-8"?>
<!-- Generated by org.testng.reporters.JUnitReportReporter -->
<testsuite hostname="JCI-MH68" failures="0" tests="1" name="com.csm.qa.test.LoginPageTest" time="6.570" errors="0" timestamp="2023-06-16T15:51:04 IST" skipped="0">
  <testcase classname="com.csm.qa.test.LoginPageTest" name="LoginWithValidCredentials" time="6.570"/>
  <system-out/>
</testsuite> <!-- com.csm.qa.test.LoginPageTest -->
